m06_s05_e10_positions.txt 1
m09_s08_e10_positions.txt 1
m08_s02_e07_positions.txt 1
m09_s06_e03_positions.txt 1
m09_s09_e06_positions.txt 1
m10_s04_e01_positions.txt 1
m06_s07_e02_positions.txt 1
m01_s03_e09_positions.txt 1
m06_s09_e05_positions.txt 1
m06_s01_e01_positions.txt 1
m10_s05_e01_positions.txt 1
m09_s09_e10_positions.txt 1
m01_s04_e09_positions.txt 1
m01_s09_e02_positions.txt 1
m02_s04_e09_positions.txt 1
m10_s09_e10_positions.txt 1
m02_s08_e07_positions.txt 1
m06_s04_e09_positions.txt 1
m03_s06_e02_positions.txt 1
m07_s08_e03_positions.txt 1
m04_s05_e08_positions.txt 1
m07_s02_e01_positions.txt 1
m06_s09_e07_positions.txt 1
m05_s08_e02_positions.txt 1
m05_s08_e04_positions.txt 1
m09_s03_e05_positions.txt 1
m05_s04_e07_positions.txt 1
m06_s07_e05_positions.txt 1
m06_s09_e09_positions.txt 1
m09_s04_e04_positions.txt 1
m02_s09_e03_positions.txt 1
m10_s03_e06_positions.txt 1
m06_s02_e07_positions.txt 1
m03_s07_e03_positions.txt 1
m08_s02_e08_positions.txt 1
m04_s06_e06_positions.txt 1
m08_s10_e05_positions.txt 1
m01_s10_e05_positions.txt 1
m01_s08_e04_positions.txt 1
m03_s09_e09_positions.txt 1
m10_s05_e02_positions.txt 1
m04_s09_e06_positions.txt 1
m02_s07_e02_positions.txt 1
m05_s10_e10_positions.txt 1
m06_s03_e06_positions.txt 1
m07_s05_e05_positions.txt 1
m01_s05_e09_positions.txt 1
m06_s06_e01_positions.txt 1
m08_s04_e07_positions.txt 1
m02_s05_e03_positions.txt 1
m08_s10_e10_positions.txt 1
m05_s10_e05_positions.txt 1
m08_s02_e04_positions.txt 1
m10_s05_e08_positions.txt 1
m02_s09_e01_positions.txt 1
m02_s02_e09_positions.txt 1
m09_s02_e01_positions.txt 1
m06_s08_e10_positions.txt 1
m09_s10_e01_positions.txt 1
m10_s06_e08_positions.txt 1
m07_s05_e10_positions.txt 1
m06_s06_e06_positions.txt 1
m09_s02_e02_positions.txt 1
m05_s02_e07_positions.txt 1
m04_s05_e03_positions.txt 1
m02_s07_e06_positions.txt 1
m01_s06_e09_positions.txt 1
m05_s09_e02_positions.txt 1
m04_s07_e07_positions.txt 1
m02_s06_e06_positions.txt 1
m05_s01_e06_positions.txt 1
m09_s08_e01_positions.txt 1
m04_s04_e05_positions.txt 1
m09_s01_e07_positions.txt 1
m01_s04_e04_positions.txt 1
m07_s07_e10_positions.txt 1
m07_s05_e06_positions.txt 1
m01_s07_e01_positions.txt 1
m05_s03_e09_positions.txt 1
m10_s05_e03_positions.txt 1
m08_s09_e02_positions.txt 1
m07_s03_e05_positions.txt 1
m03_s04_e06_positions.txt 1
m04_s04_e04_positions.txt 1
m02_s01_e01_positions.txt 1
m05_s10_e09_positions.txt 1
m08_s10_e03_positions.txt 1
m07_s04_e09_positions.txt 1
m01_s07_e10_positions.txt 1
m05_s04_e10_positions.txt 1
m03_s05_e02_positions.txt 1
m05_s10_e08_positions.txt 1
m06_s09_e02_positions.txt 1
m01_s09_e01_positions.txt 1
m02_s01_e05_positions.txt 1
m07_s06_e08_positions.txt 1
m05_s09_e05_positions.txt 1
m02_s08_e09_positions.txt 1
m08_s08_e08_positions.txt 1
m07_s02_e04_positions.txt 1
m04_s04_e06_positions.txt 1
m05_s03_e02_positions.txt 1
m06_s01_e08_positions.txt 1
m03_s02_e06_positions.txt 1
m06_s10_e02_positions.txt 1
m04_s10_e10_positions.txt 1
m07_s01_e07_positions.txt 1
m06_s05_e02_positions.txt 1
m01_s08_e01_positions.txt 1
m03_s03_e04_positions.txt 1
m04_s08_e03_positions.txt 1
m08_s04_e03_positions.txt 1
m04_s05_e05_positions.txt 1
m08_s05_e03_positions.txt 1
m05_s02_e02_positions.txt 1
m02_s08_e05_positions.txt 1
m07_s04_e05_positions.txt 1
m09_s10_e03_positions.txt 1
m05_s06_e06_positions.txt 1
m06_s01_e06_positions.txt 1
m10_s09_e06_positions.txt 1
m08_s03_e08_positions.txt 1
m02_s03_e01_positions.txt 1
m07_s03_e06_positions.txt 1
m04_s06_e09_positions.txt 1
m04_s04_e01_positions.txt 1
m04_s05_e09_positions.txt 1
m07_s06_e07_positions.txt 1
m07_s09_e10_positions.txt 1
m09_s05_e07_positions.txt 1
m02_s08_e06_positions.txt 1
m05_s10_e01_positions.txt 1
m09_s06_e07_positions.txt 1
m02_s03_e05_positions.txt 1
m02_s09_e02_positions.txt 1
m02_s09_e05_positions.txt 1
m09_s07_e05_positions.txt 1
m05_s10_e04_positions.txt 1
m04_s03_e06_positions.txt 1
m07_s02_e02_positions.txt 1
m05_s08_e03_positions.txt 1
m08_s08_e09_positions.txt 1
m04_s01_e04_positions.txt 1
m07_s01_e01_positions.txt 1
m09_s10_e06_positions.txt 1
m03_s03_e03_positions.txt 1
m09_s09_e08_positions.txt 1
m06_s01_e05_positions.txt 1
m07_s10_e04_positions.txt 1
m02_s06_e10_positions.txt 1
m06_s05_e07_positions.txt 1
m03_s05_e09_positions.txt 1
m04_s08_e06_positions.txt 1
m07_s09_e09_positions.txt 1
m01_s05_e07_positions.txt 1
m02_s01_e08_positions.txt 1
m10_s02_e04_positions.txt 1
m08_s02_e10_positions.txt 1
m01_s06_e02_positions.txt 1
m03_s01_e07_positions.txt 1
m04_s02_e04_positions.txt 1
m05_s02_e05_positions.txt 1
m07_s09_e08_positions.txt 1
m05_s01_e02_positions.txt 1
m07_s10_e06_positions.txt 1
m09_s04_e01_positions.txt 1
m07_s02_e09_positions.txt 1
m05_s02_e08_positions.txt 1
m08_s06_e07_positions.txt 1
m01_s08_e05_positions.txt 1
m08_s01_e02_positions.txt 1
m09_s06_e06_positions.txt 1
m07_s07_e05_positions.txt 1
m01_s09_e07_positions.txt 1
m04_s02_e02_positions.txt 1
m10_s02_e02_positions.txt 1
m04_s10_e01_positions.txt 1
m03_s04_e09_positions.txt 1
m09_s03_e04_positions.txt 1
m07_s09_e03_positions.txt 1
m10_s09_e08_positions.txt 1
m04_s07_e03_positions.txt 1
m09_s10_e09_positions.txt 1
m05_s02_e04_positions.txt 1
m08_s04_e01_positions.txt 1
m01_s10_e10_positions.txt 1
m07_s08_e05_positions.txt 1
m07_s01_e03_positions.txt 1
m05_s03_e08_positions.txt 1
m01_s10_e06_positions.txt 1
m09_s10_e08_positions.txt 1
m07_s01_e04_positions.txt 1
m08_s01_e04_positions.txt 1
m04_s08_e05_positions.txt 1
m09_s03_e07_positions.txt 1
m06_s05_e05_positions.txt 1
m01_s05_e08_positions.txt 1
m05_s07_e08_positions.txt 1
m08_s03_e09_positions.txt 1
m05_s06_e04_positions.txt 1
m02_s09_e04_positions.txt 1
m09_s01_e08_positions.txt 1
m03_s03_e05_positions.txt 1
m09_s09_e09_positions.txt 1
m08_s08_e07_positions.txt 1
m03_s10_e04_positions.txt 1
m07_s10_e10_positions.txt 1
m04_s05_e01_positions.txt 1
m06_s03_e10_positions.txt 1
m02_s03_e09_positions.txt 1
m02_s06_e04_positions.txt 1
m10_s07_e05_positions.txt 1
m07_s04_e06_positions.txt 1
m09_s06_e09_positions.txt 1
m06_s08_e09_positions.txt 1
m03_s09_e10_positions.txt 1
m09_s08_e05_positions.txt 1
m07_s02_e07_positions.txt 1
m05_s09_e01_positions.txt 1
m08_s08_e02_positions.txt 1
m07_s03_e10_positions.txt 1
m07_s04_e04_positions.txt 1
m06_s08_e06_positions.txt 1
m02_s06_e07_positions.txt 1
m01_s07_e06_positions.txt 1
m06_s01_e03_positions.txt 1
m06_s02_e04_positions.txt 1
m02_s06_e02_positions.txt 1
m10_s01_e04_positions.txt 1
m08_s03_e05_positions.txt 1
m09_s04_e02_positions.txt 1
m08_s07_e09_positions.txt 1
m02_s04_e03_positions.txt 1
m06_s06_e10_positions.txt 1
m05_s06_e09_positions.txt 1
m06_s07_e01_positions.txt 1
m09_s06_e05_positions.txt 1
m04_s07_e05_positions.txt 1
m03_s08_e09_positions.txt 1
m02_s04_e10_positions.txt 1
m06_s01_e10_positions.txt 1
m09_s06_e10_positions.txt 1
m02_s06_e05_positions.txt 1
m03_s05_e07_positions.txt 1
m05_s09_e10_positions.txt 1
m03_s03_e10_positions.txt 1
m06_s10_e06_positions.txt 1
m04_s06_e04_positions.txt 1
m06_s10_e05_positions.txt 1
m05_s06_e02_positions.txt 1
m02_s07_e03_positions.txt 1
m09_s05_e04_positions.txt 1
m04_s05_e02_positions.txt 1
m03_s03_e08_positions.txt 1
m02_s02_e06_positions.txt 1
m09_s06_e01_positions.txt 1
m01_s10_e07_positions.txt 1
m10_s03_e02_positions.txt 1
m03_s06_e09_positions.txt 1
m10_s07_e06_positions.txt 1
m08_s06_e04_positions.txt 1
m02_s02_e04_positions.txt 1
m01_s03_e10_positions.txt 1
m08_s04_e06_positions.txt 1
m08_s07_e04_positions.txt 1
m05_s05_e03_positions.txt 1
m01_s02_e06_positions.txt 1
m01_s02_e01_positions.txt 1
m07_s01_e06_positions.txt 1
m09_s02_e09_positions.txt 1
m06_s06_e08_positions.txt 1
m07_s09_e02_positions.txt 1
m07_s06_e09_positions.txt 1
m04_s06_e05_positions.txt 1
m10_s02_e07_positions.txt 1
m01_s03_e02_positions.txt 1
m03_s05_e03_positions.txt 1
m03_s09_e02_positions.txt 1
m04_s03_e09_positions.txt 1
m06_s03_e04_positions.txt 1
m01_s05_e01_positions.txt 1
m01_s07_e02_positions.txt 1
m06_s02_e02_positions.txt 1
m05_s02_e03_positions.txt 1
m03_s09_e03_positions.txt 1
m02_s08_e04_positions.txt 1
m08_s03_e04_positions.txt 1
m05_s07_e03_positions.txt 1
m09_s01_e01_positions.txt 1
m02_s02_e05_positions.txt 1
m09_s10_e07_positions.txt 1
m02_s04_e01_positions.txt 1
m05_s09_e04_positions.txt 1
m03_s06_e10_positions.txt 1
m10_s08_e01_positions.txt 1
m01_s09_e05_positions.txt 1
m02_s09_e07_positions.txt 1
m04_s09_e09_positions.txt 1
m10_s04_e10_positions.txt 1
m05_s10_e07_positions.txt 1
m05_s05_e06_positions.txt 1
m04_s01_e03_positions.txt 1
m02_s03_e07_positions.txt 1
m03_s01_e02_positions.txt 1
m01_s09_e03_positions.txt 1
m10_s08_e06_positions.txt 1
m10_s01_e05_positions.txt 1
m01_s04_e07_positions.txt 1
m10_s10_e04_positions.txt 1
m05_s07_e10_positions.txt 1
m04_s03_e05_positions.txt 1
m02_s07_e05_positions.txt 1
m09_s05_e09_positions.txt 1
m02_s04_e06_positions.txt 1
m02_s02_e01_positions.txt 1
m07_s03_e03_positions.txt 1
m07_s04_e02_positions.txt 1
m03_s02_e05_positions.txt 1
m01_s03_e03_positions.txt 1
m01_s06_e07_positions.txt 1
m04_s02_e05_positions.txt 1
m08_s06_e03_positions.txt 1
m03_s09_e05_positions.txt 1
m02_s08_e10_positions.txt 1
m03_s10_e01_positions.txt 1
m03_s09_e06_positions.txt 1
m10_s09_e02_positions.txt 1
m03_s03_e07_positions.txt 1
m08_s04_e10_positions.txt 1
m06_s10_e09_positions.txt 1
m04_s01_e02_positions.txt 1
m05_s03_e04_positions.txt 1
m10_s10_e02_positions.txt 1
m08_s06_e08_positions.txt 1
m10_s01_e02_positions.txt 1
m04_s10_e06_positions.txt 1
m05_s03_e03_positions.txt 1
m01_s07_e09_positions.txt 1
m05_s06_e05_positions.txt 1
m07_s01_e02_positions.txt 1
m05_s03_e10_positions.txt 1
m02_s07_e01_positions.txt 1
m07_s07_e08_positions.txt 1
m02_s03_e10_positions.txt 1
m10_s05_e04_positions.txt 1
m02_s05_e01_positions.txt 1
m04_s10_e07_positions.txt 1
m01_s08_e02_positions.txt 1
m08_s09_e06_positions.txt 1
m09_s03_e09_positions.txt 1
m04_s09_e03_positions.txt 1
m03_s04_e08_positions.txt 1
m10_s10_e07_positions.txt 1
m03_s07_e01_positions.txt 1
m07_s10_e03_positions.txt 1
m10_s07_e02_positions.txt 1
m10_s06_e03_positions.txt 1
m09_s07_e01_positions.txt 1
m08_s09_e08_positions.txt 1
m01_s01_e07_positions.txt 1
m09_s01_e10_positions.txt 1
m03_s04_e05_positions.txt 1
m09_s08_e07_positions.txt 1
m04_s09_e08_positions.txt 1
m04_s03_e03_positions.txt 1
m03_s07_e10_positions.txt 1
m03_s01_e10_positions.txt 1
m05_s07_e04_positions.txt 1
m01_s04_e05_positions.txt 1
m06_s08_e01_positions.txt 1
m05_s09_e08_positions.txt 1
m07_s08_e10_positions.txt 1
m07_s09_e07_positions.txt 1
m07_s10_e01_positions.txt 1
m03_s04_e10_positions.txt 1
m03_s08_e10_positions.txt 1
m10_s08_e08_positions.txt 1
m03_s06_e04_positions.txt 1
m06_s07_e10_positions.txt 1
m06_s02_e06_positions.txt 1
m08_s02_e05_positions.txt 1
m10_s10_e03_positions.txt 1
m08_s10_e06_positions.txt 1
m03_s09_e01_positions.txt 1
m05_s09_e09_positions.txt 1
m05_s04_e03_positions.txt 1
m01_s08_e07_positions.txt 1
m09_s05_e10_positions.txt 1
m05_s01_e03_positions.txt 1
m10_s01_e08_positions.txt 1
m10_s07_e09_positions.txt 1
m05_s08_e10_positions.txt 1
m02_s01_e10_positions.txt 1
m08_s06_e05_positions.txt 1
m04_s02_e08_positions.txt 1
m02_s04_e02_positions.txt 1
m08_s01_e01_positions.txt 1
m09_s10_e05_positions.txt 1
m04_s10_e05_positions.txt 1
m09_s09_e02_positions.txt 1
m01_s02_e04_positions.txt 1
m04_s09_e07_positions.txt 1
m06_s08_e07_positions.txt 1
m03_s10_e02_positions.txt 1
m01_s04_e08_positions.txt 1
m07_s10_e09_positions.txt 1
m06_s07_e07_positions.txt 1
m06_s02_e01_positions.txt 1
m04_s06_e08_positions.txt 1
m06_s07_e03_positions.txt 1
m08_s09_e07_positions.txt 1
m02_s06_e03_positions.txt 1
m01_s05_e05_positions.txt 1
m07_s09_e01_positions.txt 1
m04_s01_e06_positions.txt 1
m09_s07_e06_positions.txt 1
m09_s01_e09_positions.txt 1
m03_s09_e04_positions.txt 1
m07_s05_e04_positions.txt 1
m09_s05_e08_positions.txt 1
m07_s07_e06_positions.txt 1
m01_s01_e04_positions.txt 1
m06_s08_e02_positions.txt 1
m01_s09_e04_positions.txt 1
m08_s07_e10_positions.txt 1
m02_s10_e05_positions.txt 1
m07_s08_e06_positions.txt 1
m04_s04_e09_positions.txt 1
m03_s06_e08_positions.txt 1
m02_s02_e03_positions.txt 1
m03_s01_e09_positions.txt 1
m05_s08_e05_positions.txt 1
m08_s01_e09_positions.txt 1
m09_s04_e03_positions.txt 1
m03_s05_e08_positions.txt 1
m09_s02_e08_positions.txt 1
m07_s09_e06_positions.txt 1
m09_s02_e06_positions.txt 1
m06_s05_e09_positions.txt 1
m06_s06_e09_positions.txt 1
m09_s10_e04_positions.txt 1
m01_s05_e02_positions.txt 1
m02_s01_e06_positions.txt 1
m04_s04_e08_positions.txt 1
m09_s04_e05_positions.txt 1
m09_s08_e03_positions.txt 1
m06_s05_e08_positions.txt 1
m10_s10_e10_positions.txt 1
m02_s07_e07_positions.txt 1
m04_s04_e07_positions.txt 1
m03_s07_e07_positions.txt 1
m04_s02_e07_positions.txt 1
m04_s07_e10_positions.txt 1
m01_s04_e01_positions.txt 1
m05_s04_e01_positions.txt 1
m01_s10_e09_positions.txt 1
m04_s07_e01_positions.txt 1
m06_s07_e09_positions.txt 1
m01_s04_e10_positions.txt 1
m04_s03_e04_positions.txt 1
m04_s04_e03_positions.txt 1
m08_s05_e07_positions.txt 1
m08_s05_e10_positions.txt 1
m01_s02_e03_positions.txt 1
m04_s06_e01_positions.txt 1
m10_s05_e09_positions.txt 1
m01_s03_e05_positions.txt 1
m07_s06_e10_positions.txt 1
m03_s06_e05_positions.txt 1
m08_s10_e08_positions.txt 1
m08_s04_e02_positions.txt 1
m04_s06_e07_positions.txt 1
m06_s03_e03_positions.txt 1
m09_s01_e03_positions.txt 1
m06_s04_e02_positions.txt 1
m03_s10_e07_positions.txt 1
m06_s09_e08_positions.txt 1
m06_s03_e07_positions.txt 1
m06_s06_e03_positions.txt 1
m07_s08_e07_positions.txt 1
m08_s05_e02_positions.txt 1
m02_s05_e09_positions.txt 1
m05_s07_e06_positions.txt 1
m09_s07_e10_positions.txt 1
m05_s07_e07_positions.txt 1
m07_s09_e04_positions.txt 1
m10_s02_e03_positions.txt 1
m02_s10_e04_positions.txt 1
m03_s10_e09_positions.txt 1
m04_s05_e06_positions.txt 1
m06_s04_e07_positions.txt 1
m02_s02_e08_positions.txt 1
m02_s01_e09_positions.txt 1
m10_s03_e07_positions.txt 1
m02_s01_e04_positions.txt 1
m09_s05_e01_positions.txt 1
m10_s08_e05_positions.txt 1
m06_s05_e03_positions.txt 1
m02_s10_e06_positions.txt 1
m07_s07_e07_positions.txt 1
m10_s03_e08_positions.txt 1
m09_s05_e05_positions.txt 1
m06_s03_e02_positions.txt 1
m03_s05_e04_positions.txt 1
m03_s02_e07_positions.txt 1
m08_s02_e09_positions.txt 1
m06_s01_e02_positions.txt 1
m10_s09_e09_positions.txt 1
m03_s07_e04_positions.txt 1
m05_s01_e09_positions.txt 1
m10_s07_e04_positions.txt 1
m10_s04_e07_positions.txt 1
m06_s07_e06_positions.txt 1
m06_s05_e01_positions.txt 1
m08_s01_e06_positions.txt 1
m05_s04_e05_positions.txt 1
m05_s08_e09_positions.txt 1
m05_s05_e09_positions.txt 1
m02_s06_e01_positions.txt 1
m08_s10_e01_positions.txt 1
m06_s05_e06_positions.txt 1
m02_s01_e07_positions.txt 1
m08_s07_e05_positions.txt 1
m01_s02_e07_positions.txt 1
m07_s08_e09_positions.txt 1
m01_s01_e10_positions.txt 1
m10_s06_e10_positions.txt 1
m03_s03_e09_positions.txt 1
m07_s09_e05_positions.txt 1
m09_s09_e05_positions.txt 1
m09_s05_e02_positions.txt 1
m10_s07_e08_positions.txt 1
m03_s06_e03_positions.txt 1
m04_s01_e05_positions.txt 1
m01_s10_e02_positions.txt 1
m01_s03_e01_positions.txt 1
m09_s07_e09_positions.txt 1
m04_s08_e01_positions.txt 1
m05_s06_e03_positions.txt 1
m01_s05_e06_positions.txt 1
m02_s08_e08_positions.txt 1
m06_s10_e10_positions.txt 1
m05_s07_e05_positions.txt 1
m01_s01_e09_positions.txt 1
m01_s10_e08_positions.txt 1
m03_s04_e02_positions.txt 1
m07_s10_e08_positions.txt 1
m07_s10_e02_positions.txt 1
m03_s08_e07_positions.txt 1
m02_s10_e02_positions.txt 1
m09_s07_e02_positions.txt 1
m02_s07_e09_positions.txt 1
m03_s04_e07_positions.txt 1
m04_s02_e09_positions.txt 1
m04_s01_e08_positions.txt 1
m05_s09_e03_positions.txt 1
m09_s04_e06_positions.txt 1
m04_s09_e05_positions.txt 1
m06_s05_e04_positions.txt 1
m04_s08_e09_positions.txt 1
m01_s06_e05_positions.txt 1
m04_s03_e07_positions.txt 1
m07_s02_e03_positions.txt 1
m01_s10_e01_positions.txt 1
m05_s04_e09_positions.txt 1
m10_s01_e09_positions.txt 1
m01_s06_e01_positions.txt 1
m05_s02_e09_positions.txt 1
m04_s07_e08_positions.txt 1
m04_s07_e04_positions.txt 1
m03_s02_e10_positions.txt 1
m06_s10_e08_positions.txt 1
m10_s08_e04_positions.txt 1
m07_s07_e03_positions.txt 1
m04_s09_e02_positions.txt 1
m07_s03_e02_positions.txt 1
m10_s10_e05_positions.txt 1
m08_s04_e04_positions.txt 1
m09_s08_e08_positions.txt 1
m10_s03_e04_positions.txt 1
m06_s06_e07_positions.txt 1
m02_s03_e04_positions.txt 1
m06_s08_e08_positions.txt 1
m06_s02_e03_positions.txt 1
m05_s03_e06_positions.txt 1
m03_s08_e01_positions.txt 1
m02_s05_e08_positions.txt 1
m05_s07_e02_positions.txt 1
m07_s08_e08_positions.txt 1
m08_s08_e05_positions.txt 1
m08_s03_e01_positions.txt 1
m06_s02_e09_positions.txt 1
m08_s07_e02_positions.txt 1
m06_s09_e04_positions.txt 1
m05_s01_e01_positions.txt 1
m10_s06_e04_positions.txt 1
m10_s06_e07_positions.txt 1
m09_s01_e06_positions.txt 1
m09_s07_e03_positions.txt 1
m01_s04_e06_positions.txt 1
m01_s05_e04_positions.txt 1
m04_s02_e06_positions.txt 1
m01_s01_e06_positions.txt 1
m10_s04_e02_positions.txt 1
m10_s06_e02_positions.txt 1
m01_s06_e06_positions.txt 1
m06_s01_e07_positions.txt 1
m08_s05_e05_positions.txt 1
m05_s01_e04_positions.txt 1
m04_s06_e02_positions.txt 1
m07_s03_e04_positions.txt 1
m06_s01_e04_positions.txt 1
m08_s03_e07_positions.txt 1
m08_s04_e08_positions.txt 1
m03_s01_e04_positions.txt 1
m10_s09_e07_positions.txt 1
m08_s10_e07_positions.txt 1
m07_s05_e08_positions.txt 1
m03_s08_e02_positions.txt 1
m10_s06_e06_positions.txt 1
m06_s10_e01_positions.txt 1
m08_s10_e04_positions.txt 1
m02_s05_e02_positions.txt 1
m04_s02_e03_positions.txt 1
m07_s06_e01_positions.txt 1
m02_s08_e01_positions.txt 1
m07_s04_e01_positions.txt 1
m09_s09_e07_positions.txt 1
m09_s04_e07_positions.txt 1
m03_s05_e06_positions.txt 1
m08_s08_e01_positions.txt 1
m04_s09_e01_positions.txt 1
m06_s06_e05_positions.txt 1
m05_s02_e10_positions.txt 1
m05_s07_e01_positions.txt 1
m02_s10_e09_positions.txt 1
m07_s06_e04_positions.txt 1
m10_s02_e08_positions.txt 1
m08_s09_e10_positions.txt 1
m03_s05_e10_positions.txt 1
m05_s10_e02_positions.txt 1
m09_s02_e07_positions.txt 1
m10_s06_e09_positions.txt 1
m03_s03_e02_positions.txt 1
m02_s02_e10_positions.txt 1
m10_s06_e01_positions.txt 1
m08_s05_e09_positions.txt 1
m10_s09_e04_positions.txt 1
m04_s01_e01_positions.txt 1
m03_s01_e03_positions.txt 1
m06_s03_e05_positions.txt 1
m09_s08_e04_positions.txt 1
m08_s03_e06_positions.txt 1
m10_s10_e06_positions.txt 1
m04_s10_e02_positions.txt 1
m07_s07_e02_positions.txt 1
m07_s06_e03_positions.txt 1
m08_s09_e05_positions.txt 1
m04_s08_e08_positions.txt 1
m06_s07_e08_positions.txt 1
m02_s05_e10_positions.txt 1
m08_s06_e06_positions.txt 1
m03_s02_e08_positions.txt 1
m05_s02_e06_positions.txt 1
m01_s10_e03_positions.txt 1
m08_s03_e10_positions.txt 1
m01_s07_e03_positions.txt 1
m10_s01_e03_positions.txt 1
m07_s06_e06_positions.txt 1
m07_s04_e10_positions.txt 1
m03_s06_e07_positions.txt 1
m08_s01_e05_positions.txt 1
m09_s03_e02_positions.txt 1
m09_s01_e05_positions.txt 1
m08_s08_e10_positions.txt 1
m10_s08_e03_positions.txt 1
m03_s02_e04_positions.txt 1
m03_s07_e02_positions.txt 1
m02_s06_e09_positions.txt 1
m09_s08_e02_positions.txt 1
m01_s02_e10_positions.txt 1
m02_s04_e08_positions.txt 1
m02_s02_e07_positions.txt 1
m04_s03_e08_positions.txt 1
m10_s09_e01_positions.txt 1
m06_s03_e01_positions.txt 1
m03_s03_e06_positions.txt 1
m04_s05_e04_positions.txt 1
m05_s06_e01_positions.txt 1
m10_s04_e06_positions.txt 1
m05_s05_e07_positions.txt 1
m03_s05_e05_positions.txt 1
m04_s04_e02_positions.txt 1
m03_s10_e03_positions.txt 1
m02_s09_e09_positions.txt 1
m10_s04_e03_positions.txt 1
m06_s07_e04_positions.txt 1
m10_s01_e10_positions.txt 1
m02_s01_e02_positions.txt 1
m01_s06_e10_positions.txt 1
m01_s01_e05_positions.txt 1
m07_s03_e01_positions.txt 1
m07_s01_e05_positions.txt 1
m10_s10_e08_positions.txt 1
m06_s09_e10_positions.txt 1
m10_s03_e05_positions.txt 1
m09_s07_e08_positions.txt 1
m08_s09_e09_positions.txt 1
m01_s02_e09_positions.txt 1
m04_s01_e10_positions.txt 1
m07_s02_e08_positions.txt 1
m04_s05_e10_positions.txt 1
m01_s09_e06_positions.txt 1
m02_s05_e06_positions.txt 1
m07_s02_e05_positions.txt 1
m07_s04_e07_positions.txt 1
m08_s10_e09_positions.txt 1
m09_s03_e01_positions.txt 1
m10_s07_e07_positions.txt 1
m07_s05_e09_positions.txt 1
m06_s08_e03_positions.txt 1
m05_s09_e07_positions.txt 1
m01_s04_e02_positions.txt 1
m05_s06_e08_positions.txt 1
m09_s02_e03_positions.txt 1
m02_s05_e05_positions.txt 1
m07_s10_e07_positions.txt 1
m09_s01_e02_positions.txt 1
m10_s03_e03_positions.txt 1
m10_s02_e06_positions.txt 1
m02_s04_e04_positions.txt 1
m02_s05_e07_positions.txt 1
m04_s05_e07_positions.txt 1
m01_s02_e05_positions.txt 1
m03_s10_e06_positions.txt 1
m08_s01_e10_positions.txt 1
m04_s02_e01_positions.txt 1
m01_s08_e06_positions.txt 1
m03_s05_e01_positions.txt 1
m01_s03_e07_positions.txt 1
m01_s07_e07_positions.txt 1
m08_s09_e04_positions.txt 1
m07_s01_e08_positions.txt 1
m02_s04_e05_positions.txt 1
m05_s02_e01_positions.txt 1
m07_s06_e05_positions.txt 1
m08_s05_e06_positions.txt 1
m06_s03_e08_positions.txt 1
m08_s08_e04_positions.txt 1
m10_s02_e10_positions.txt 1
m09_s09_e04_positions.txt 1
m04_s02_e10_positions.txt 1
m06_s04_e06_positions.txt 1
m02_s03_e06_positions.txt 1
m08_s06_e10_positions.txt 1
m07_s01_e09_positions.txt 1
m02_s05_e04_positions.txt 1
m09_s09_e01_positions.txt 1
m01_s01_e02_positions.txt 1
m02_s10_e03_positions.txt 1
m08_s01_e03_positions.txt 1
m03_s07_e08_positions.txt 1
m05_s04_e02_positions.txt 1
m09_s08_e06_positions.txt 1
m06_s02_e10_positions.txt 1
m08_s08_e03_positions.txt 1
m09_s10_e02_positions.txt 1
m01_s02_e02_positions.txt 1
m03_s10_e08_positions.txt 1
m03_s07_e05_positions.txt 1
m09_s02_e05_positions.txt 1
m06_s08_e05_positions.txt 1
m07_s07_e04_positions.txt 1
m05_s08_e01_positions.txt 1
m07_s06_e02_positions.txt 1
m05_s08_e08_positions.txt 1
m07_s02_e10_positions.txt 1
m08_s06_e01_positions.txt 1
m10_s02_e05_positions.txt 1
m07_s03_e07_positions.txt 1
m05_s09_e06_positions.txt 1
m07_s03_e09_positions.txt 1
m08_s02_e02_positions.txt 1
m04_s06_e10_positions.txt 1
m04_s09_e10_positions.txt 1
m10_s05_e06_positions.txt 1
m05_s03_e05_positions.txt 1
m06_s04_e10_positions.txt 1
m05_s05_e05_positions.txt 1
m01_s05_e03_positions.txt 1
m03_s08_e05_positions.txt 1
m08_s01_e08_positions.txt 1
m05_s04_e06_positions.txt 1
m07_s01_e10_positions.txt 1
m08_s07_e08_positions.txt 1
m10_s09_e03_positions.txt 1
m10_s04_e08_positions.txt 1
m06_s04_e08_positions.txt 1
m08_s01_e07_positions.txt 1
m01_s09_e08_positions.txt 1
m06_s10_e03_positions.txt 1
m08_s04_e05_positions.txt 1
m05_s05_e02_positions.txt 1
m05_s07_e09_positions.txt 1
m05_s01_e10_positions.txt 1
m01_s09_e10_positions.txt 1
m03_s01_e08_positions.txt 1
m06_s03_e09_positions.txt 1
m09_s03_e10_positions.txt 1
m02_s10_e07_positions.txt 1
m06_s09_e01_positions.txt 1
m10_s02_e09_positions.txt 1
m07_s08_e04_positions.txt 1
m03_s10_e05_positions.txt 1
m02_s10_e01_positions.txt 1
m04_s10_e08_positions.txt 1
m07_s05_e03_positions.txt 1
m10_s07_e03_positions.txt 1
m05_s05_e04_positions.txt 1
m09_s03_e03_positions.txt 1
m02_s03_e02_positions.txt 1
m04_s10_e04_positions.txt 1
m07_s03_e08_positions.txt 1
m01_s01_e03_positions.txt 1
m06_s04_e03_positions.txt 1
m06_s10_e04_positions.txt 1
m10_s03_e09_positions.txt 1
m10_s08_e09_positions.txt 1
m08_s08_e06_positions.txt 1
m07_s05_e02_positions.txt 1
m05_s10_e03_positions.txt 1
m04_s10_e09_positions.txt 1
m07_s07_e09_positions.txt 1
m06_s04_e05_positions.txt 1
m01_s09_e09_positions.txt 1
m04_s08_e07_positions.txt 1
m05_s03_e01_positions.txt 1
m03_s07_e09_positions.txt 1
m09_s01_e04_positions.txt 1
m01_s07_e04_positions.txt 1
m10_s01_e07_positions.txt 1
m03_s07_e06_positions.txt 1
m07_s10_e05_positions.txt 1
m06_s08_e04_positions.txt 1
m01_s03_e08_positions.txt 1
m05_s06_e07_positions.txt 1
m10_s05_e07_positions.txt 1
m08_s05_e08_positions.txt 1
m09_s05_e06_positions.txt 1
m03_s01_e05_positions.txt 1
m02_s03_e03_positions.txt 1
m01_s07_e05_positions.txt 1
m05_s05_e08_positions.txt 1
m03_s01_e06_positions.txt 1
m10_s08_e10_positions.txt 1
m01_s02_e08_positions.txt 1
m04_s03_e10_positions.txt 1
m10_s09_e05_positions.txt 1
m01_s08_e03_positions.txt 1
m06_s02_e08_positions.txt 1
m10_s08_e07_positions.txt 1
m07_s08_e01_positions.txt 1
m09_s02_e04_positions.txt 1
m03_s02_e01_positions.txt 1
m03_s08_e06_positions.txt 1
m10_s07_e10_positions.txt 1
m09_s06_e02_positions.txt 1
m05_s01_e07_positions.txt 1
m10_s05_e10_positions.txt 1
m10_s01_e06_positions.txt 1
m05_s08_e07_positions.txt 1
m03_s08_e04_positions.txt 1
m06_s06_e04_positions.txt 1
m09_s04_e10_positions.txt 1
m03_s04_e03_positions.txt 1
m04_s08_e10_positions.txt 1
m10_s05_e05_positions.txt 1
m09_s04_e09_positions.txt 1
m01_s06_e04_positions.txt 1
m01_s01_e08_positions.txt 1
m03_s08_e08_positions.txt 1
m08_s10_e02_positions.txt 1
m03_s04_e04_positions.txt 1
m01_s01_e01_positions.txt 1
m01_s05_e10_positions.txt 1
m09_s10_e10_positions.txt 1
m03_s04_e01_positions.txt 1
m07_s05_e01_positions.txt 1
m10_s04_e05_positions.txt 1
m10_s01_e01_positions.txt 1
m04_s07_e06_positions.txt 1
m04_s03_e01_positions.txt 1
m09_s06_e04_positions.txt 1
m05_s01_e08_positions.txt 1
m03_s02_e03_positions.txt 1
m09_s08_e09_positions.txt 1
m02_s09_e08_positions.txt 1
m05_s06_e10_positions.txt 1
m10_s03_e01_positions.txt 1
m08_s02_e03_positions.txt 1
m04_s06_e03_positions.txt 1
m08_s07_e06_positions.txt 1
m10_s10_e09_positions.txt 1
m05_s04_e04_positions.txt 1
m08_s09_e01_positions.txt 1
m09_s04_e08_positions.txt 1
m08_s05_e04_positions.txt 1
m09_s06_e08_positions.txt 1
m08_s09_e03_positions.txt 1
m02_s06_e08_positions.txt 1
m04_s01_e09_positions.txt 1
m03_s06_e06_positions.txt 1
m04_s10_e03_positions.txt 1
m10_s04_e09_positions.txt 1
m06_s04_e04_positions.txt 1
m03_s03_e01_positions.txt 1
m06_s10_e07_positions.txt 1
m09_s03_e06_positions.txt 1
m08_s07_e03_positions.txt 1
m07_s02_e06_positions.txt 1
m04_s07_e02_positions.txt 1
m01_s04_e03_positions.txt 1
m06_s01_e09_positions.txt 1
m03_s10_e10_positions.txt 1
m04_s04_e10_positions.txt 1
m07_s08_e02_positions.txt 1
m01_s08_e08_positions.txt 1
m09_s07_e04_positions.txt 1
m06_s09_e06_positions.txt 1
m01_s06_e03_positions.txt 1
m03_s01_e01_positions.txt 1
m10_s06_e05_positions.txt 1
m09_s05_e03_positions.txt 1
m10_s04_e04_positions.txt 1
m02_s03_e08_positions.txt 1
m03_s02_e02_positions.txt 1
m08_s07_e01_positions.txt 1
m09_s03_e08_positions.txt 1
m09_s09_e03_positions.txt 1
m09_s07_e07_positions.txt 1
m07_s05_e07_positions.txt 1
m06_s02_e05_positions.txt 1
m05_s04_e08_positions.txt 1
m02_s01_e03_positions.txt 1
m03_s08_e03_positions.txt 1
m04_s01_e07_positions.txt 1
m10_s07_e01_positions.txt 1
m08_s05_e01_positions.txt 1
m02_s07_e10_positions.txt 1
m02_s07_e04_positions.txt 1
m01_s08_e09_positions.txt 1
m04_s08_e02_positions.txt 1
m10_s02_e01_positions.txt 1
m05_s01_e05_positions.txt 1
m05_s03_e07_positions.txt 1
m10_s08_e02_positions.txt 1
m02_s08_e03_positions.txt 1
m02_s08_e02_positions.txt 1
m01_s06_e08_positions.txt 1
m08_s03_e03_positions.txt 1
m06_s09_e03_positions.txt 1
m01_s03_e06_positions.txt 1
m09_s02_e10_positions.txt 1
m08_s07_e07_positions.txt 1
m03_s09_e07_positions.txt 1
m04_s08_e04_positions.txt 1
m04_s03_e02_positions.txt 1
m08_s02_e06_positions.txt 1
m01_s08_e10_positions.txt 1
m10_s03_e10_positions.txt 1
m05_s05_e10_positions.txt 1
m07_s07_e01_positions.txt 1
m03_s09_e08_positions.txt 1
m05_s10_e06_positions.txt 1
m02_s10_e08_positions.txt 1
m04_s07_e09_positions.txt 1
m02_s09_e06_positions.txt 1
m08_s02_e01_positions.txt 1
m04_s09_e04_positions.txt 1
m06_s04_e01_positions.txt 1
m03_s06_e01_positions.txt 1
m02_s07_e08_positions.txt 1
m08_s06_e02_positions.txt 1
m05_s08_e06_positions.txt 1
m07_s04_e08_positions.txt 1
m02_s09_e10_positions.txt 1
m05_s05_e01_positions.txt 1
m01_s03_e04_positions.txt 1
m01_s10_e04_positions.txt 1
m02_s10_e10_positions.txt 1
m10_s10_e01_positions.txt 1
m07_s04_e03_positions.txt 1
m03_s02_e09_positions.txt 1
m08_s06_e09_positions.txt 1
m01_s07_e08_positions.txt 1
m08_s04_e09_positions.txt 1
m06_s06_e02_positions.txt 1
m02_s02_e02_positions.txt 1
m02_s04_e07_positions.txt 1
m08_s03_e02_positions.txt 1
m01_s01_e03_positions_inc.txt 0
m04_s02_e09_positions_inc.txt 0
m05_s08_e08_positions_inc.txt 0
m07_s04_e08_positions_inc.txt 0
m10_s05_e06_positions_inc.txt 0
m04_s06_e03_positions_inc.txt 0
m08_s03_e05_positions_inc.txt 0
m05_s06_e03_positions_inc.txt 0
m07_s08_e03_positions_inc.txt 0
m09_s03_e04_positions_inc.txt 0
m10_s04_e09_positions_inc.txt 0
m08_s06_e06_positions_inc.txt 0
m01_s07_e06_positions_inc.txt 0
m10_s03_e03_positions_inc.txt 0
m07_s05_e07_positions_inc.txt 0
m08_s02_e02_positions_inc.txt 0
m10_s01_e08_positions_inc.txt 0
m10_s05_e04_positions_inc.txt 0
m06_s10_e04_positions_inc.txt 0
m01_s01_e08_positions_inc.txt 0
m02_s09_e03_positions_inc.txt 0
m05_s06_e07_positions_inc.txt 0
m03_s09_e02_positions_inc.txt 0
m07_s09_e03_positions_inc.txt 0
m03_s01_e02_positions_inc.txt 0
m02_s08_e07_positions_inc.txt 0
m02_s09_e09_positions_inc.txt 0
m02_s03_e07_positions_inc.txt 0
m10_s06_e06_positions_inc.txt 0
m03_s05_e02_positions_inc.txt 0
m05_s05_e02_positions_inc.txt 0
m07_s10_e09_positions_inc.txt 0
m01_s05_e04_positions_inc.txt 0
m06_s07_e01_positions_inc.txt 0
m04_s02_e05_positions_inc.txt 0
m02_s03_e02_positions_inc.txt 0
m08_s09_e08_positions_inc.txt 0
m07_s08_e07_positions_inc.txt 0
m05_s06_e04_positions_inc.txt 0
m02_s02_e06_positions_inc.txt 0
m06_s08_e03_positions_inc.txt 0
m10_s04_e03_positions_inc.txt 0
m04_s09_e03_positions_inc.txt 0
m06_s06_e05_positions_inc.txt 0
m04_s08_e03_positions_inc.txt 0
m02_s04_e01_positions_inc.txt 0
m06_s03_e04_positions_inc.txt 0
m09_s02_e03_positions_inc.txt 0
m10_s08_e06_positions_inc.txt 0
m08_s04_e03_positions_inc.txt 0
m01_s02_e01_positions_inc.txt 0
m08_s08_e02_positions_inc.txt 0
m04_s06_e04_positions_inc.txt 0
m04_s04_e05_positions_inc.txt 0
m01_s09_e06_positions_inc.txt 0
m01_s09_e08_positions_inc.txt 0
m06_s05_e08_positions_inc.txt 0
m09_s02_e02_positions_inc.txt 0
m01_s07_e01_positions_inc.txt 0
m02_s05_e03_positions_inc.txt 0
m01_s09_e03_positions_inc.txt 0
m01_s05_e03_positions_inc.txt 0
m01_s07_e08_positions_inc.txt 0
m01_s04_e04_positions_inc.txt 0
m02_s02_e03_positions_inc.txt 0
m05_s08_e09_positions_inc.txt 0
m01_s03_e10_positions_inc.txt 0
m02_s02_e07_positions_inc.txt 0
m02_s04_e08_positions_inc.txt 0
m04_s03_e03_positions_inc.txt 0
m09_s02_e05_positions_inc.txt 0
m04_s04_e09_positions_inc.txt 0
m10_s01_e07_positions_inc.txt 0
m10_s03_e02_positions_inc.txt 0
m03_s04_e01_positions_inc.txt 0
m01_s02_e05_positions_inc.txt 0
m03_s01_e07_positions_inc.txt 0
m10_s10_e07_positions_inc.txt 0
m05_s07_e01_positions_inc.txt 0
m08_s03_e07_positions_inc.txt 0
m05_s01_e07_positions_inc.txt 0
m10_s09_e07_positions_inc.txt 0
m01_s06_e03_positions_inc.txt 0
m08_s08_e10_positions_inc.txt 0
m04_s07_e02_positions_inc.txt 0
m08_s09_e04_positions_inc.txt 0
m09_s05_e05_positions_inc.txt 0
m05_s02_e06_positions_inc.txt 0
m04_s07_e01_positions_inc.txt 0
m09_s06_e01_positions_inc.txt 0
m04_s05_e01_positions_inc.txt 0
m03_s02_e04_positions_inc.txt 0
m03_s06_e02_positions_inc.txt 0
m04_s03_e09_positions_inc.txt 0
m02_s08_e04_positions_inc.txt 0
m09_s08_e01_positions_inc.txt 0
m08_s07_e06_positions_inc.txt 0
m01_s04_e06_positions_inc.txt 0
m05_s10_e05_positions_inc.txt 0
m05_s02_e03_positions_inc.txt 0
m03_s03_e04_positions_inc.txt 0
m02_s06_e04_positions_inc.txt 0
m08_s10_e08_positions_inc.txt 0
m02_s08_e10_positions_inc.txt 0
m10_s09_e03_positions_inc.txt 0
m03_s05_e04_positions_inc.txt 0
m07_s04_e03_positions_inc.txt 0
m02_s08_e01_positions_inc.txt 0
m08_s07_e09_positions_inc.txt 0
m09_s05_e09_positions_inc.txt 0
m02_s03_e10_positions_inc.txt 0
m09_s02_e07_positions_inc.txt 0
m06_s05_e05_positions_inc.txt 0
m04_s04_e04_positions_inc.txt 0
m10_s03_e10_positions_inc.txt 0
m01_s08_e09_positions_inc.txt 0
m02_s08_e09_positions_inc.txt 0
m02_s06_e09_positions_inc.txt 0
m09_s03_e05_positions_inc.txt 0
m06_s03_e03_positions_inc.txt 0
m06_s07_e02_positions_inc.txt 0
m05_s10_e10_positions_inc.txt 0
m07_s01_e04_positions_inc.txt 0
m08_s05_e10_positions_inc.txt 0
m02_s06_e03_positions_inc.txt 0
m02_s09_e04_positions_inc.txt 0
m07_s05_e05_positions_inc.txt 0
m09_s04_e05_positions_inc.txt 0
m03_s10_e09_positions_inc.txt 0
m05_s02_e07_positions_inc.txt 0
m09_s09_e08_positions_inc.txt 0
m10_s08_e10_positions_inc.txt 0
m05_s04_e04_positions_inc.txt 0
m08_s10_e05_positions_inc.txt 0
m09_s09_e03_positions_inc.txt 0
m02_s02_e10_positions_inc.txt 0
m05_s05_e03_positions_inc.txt 0
m05_s10_e09_positions_inc.txt 0
m07_s06_e02_positions_inc.txt 0
m05_s05_e08_positions_inc.txt 0
m09_s10_e08_positions_inc.txt 0
m03_s06_e04_positions_inc.txt 0
m07_s08_e01_positions_inc.txt 0
m01_s07_e05_positions_inc.txt 0
m02_s05_e08_positions_inc.txt 0
m10_s01_e02_positions_inc.txt 0
m01_s01_e01_positions_inc.txt 0
m01_s06_e07_positions_inc.txt 0
m05_s10_e02_positions_inc.txt 0
m01_s06_e06_positions_inc.txt 0
m08_s09_e06_positions_inc.txt 0
m02_s02_e04_positions_inc.txt 0
m02_s01_e04_positions_inc.txt 0
m02_s05_e02_positions_inc.txt 0
m09_s08_e09_positions_inc.txt 0
m06_s08_e05_positions_inc.txt 0
m03_s07_e04_positions_inc.txt 0
m08_s10_e10_positions_inc.txt 0
m03_s02_e09_positions_inc.txt 0
m02_s09_e02_positions_inc.txt 0
m02_s04_e10_positions_inc.txt 0
m08_s09_e07_positions_inc.txt 0
m10_s02_e08_positions_inc.txt 0
m05_s08_e07_positions_inc.txt 0
m06_s10_e01_positions_inc.txt 0
m04_s01_e08_positions_inc.txt 0
m08_s06_e03_positions_inc.txt 0
m06_s10_e03_positions_inc.txt 0
m04_s03_e02_positions_inc.txt 0
m09_s02_e06_positions_inc.txt 0
m05_s07_e10_positions_inc.txt 0
m04_s02_e03_positions_inc.txt 0
m04_s10_e09_positions_inc.txt 0
m05_s03_e05_positions_inc.txt 0
m10_s10_e02_positions_inc.txt 0
m06_s07_e05_positions_inc.txt 0
m06_s02_e01_positions_inc.txt 0
m10_s10_e04_positions_inc.txt 0
m07_s07_e05_positions_inc.txt 0
m05_s03_e06_positions_inc.txt 0
m03_s07_e08_positions_inc.txt 0
m06_s02_e06_positions_inc.txt 0
m07_s01_e07_positions_inc.txt 0
m03_s06_e09_positions_inc.txt 0
m02_s03_e04_positions_inc.txt 0
m03_s06_e01_positions_inc.txt 0
m08_s01_e04_positions_inc.txt 0
m10_s10_e01_positions_inc.txt 0
m01_s09_e10_positions_inc.txt 0
m06_s01_e08_positions_inc.txt 0
m04_s01_e06_positions_inc.txt 0
m09_s08_e06_positions_inc.txt 0
m09_s10_e06_positions_inc.txt 0
m06_s07_e06_positions_inc.txt 0
m01_s02_e07_positions_inc.txt 0
m03_s05_e09_positions_inc.txt 0
m03_s10_e03_positions_inc.txt 0
m10_s09_e05_positions_inc.txt 0
m04_s06_e08_positions_inc.txt 0
m10_s08_e03_positions_inc.txt 0
m03_s06_e03_positions_inc.txt 0
m01_s03_e09_positions_inc.txt 0
m09_s01_e08_positions_inc.txt 0
m04_s10_e06_positions_inc.txt 0
m03_s03_e06_positions_inc.txt 0
m10_s05_e10_positions_inc.txt 0
m10_s08_e09_positions_inc.txt 0
m08_s03_e10_positions_inc.txt 0
m02_s07_e05_positions_inc.txt 0
m02_s01_e06_positions_inc.txt 0
m07_s09_e06_positions_inc.txt 0
m06_s09_e08_positions_inc.txt 0
m05_s03_e02_positions_inc.txt 0
m01_s07_e10_positions_inc.txt 0
m01_s10_e01_positions_inc.txt 0
m05_s06_e02_positions_inc.txt 0
m05_s09_e06_positions_inc.txt 0
m04_s10_e08_positions_inc.txt 0
m07_s04_e10_positions_inc.txt 0
m10_s08_e05_positions_inc.txt 0
m03_s02_e02_positions_inc.txt 0
m06_s08_e02_positions_inc.txt 0
m10_s07_e01_positions_inc.txt 0
m05_s03_e01_positions_inc.txt 0
m01_s06_e01_positions_inc.txt 0
m02_s10_e03_positions_inc.txt 0
m07_s02_e08_positions_inc.txt 0
m02_s07_e09_positions_inc.txt 0
m09_s09_e07_positions_inc.txt 0
m08_s10_e07_positions_inc.txt 0
m06_s05_e04_positions_inc.txt 0
m08_s02_e06_positions_inc.txt 0
m02_s10_e02_positions_inc.txt 0
m06_s06_e10_positions_inc.txt 0
m02_s01_e08_positions_inc.txt 0
m10_s03_e01_positions_inc.txt 0
m08_s10_e01_positions_inc.txt 0
m08_s10_e02_positions_inc.txt 0
m02_s05_e05_positions_inc.txt 0
m04_s01_e10_positions_inc.txt 0
m05_s03_e08_positions_inc.txt 0
m06_s05_e07_positions_inc.txt 0
m02_s03_e08_positions_inc.txt 0
m07_s07_e06_positions_inc.txt 0
m06_s10_e07_positions_inc.txt 0
m06_s04_e04_positions_inc.txt 0
m04_s07_e09_positions_inc.txt 0
m09_s01_e01_positions_inc.txt 0
m05_s07_e09_positions_inc.txt 0
m01_s05_e09_positions_inc.txt 0
m04_s07_e04_positions_inc.txt 0
m07_s09_e09_positions_inc.txt 0
m03_s10_e01_positions_inc.txt 0
m10_s01_e03_positions_inc.txt 0
m01_s03_e03_positions_inc.txt 0
m06_s10_e10_positions_inc.txt 0
m03_s10_e07_positions_inc.txt 0
m10_s10_e05_positions_inc.txt 0
m01_s09_e09_positions_inc.txt 0
m02_s06_e05_positions_inc.txt 0
m10_s05_e01_positions_inc.txt 0
m10_s02_e09_positions_inc.txt 0
m07_s09_e01_positions_inc.txt 0
m07_s06_e09_positions_inc.txt 0
m02_s09_e05_positions_inc.txt 0
m05_s07_e04_positions_inc.txt 0
m02_s02_e09_positions_inc.txt 0
m04_s01_e05_positions_inc.txt 0
m10_s02_e05_positions_inc.txt 0
m06_s06_e06_positions_inc.txt 0
m06_s02_e02_positions_inc.txt 0
m05_s02_e04_positions_inc.txt 0
m10_s04_e05_positions_inc.txt 0
m06_s09_e07_positions_inc.txt 0
m09_s08_e08_positions_inc.txt 0
m09_s07_e02_positions_inc.txt 0
m09_s09_e05_positions_inc.txt 0
m10_s08_e04_positions_inc.txt 0
m02_s05_e01_positions_inc.txt 0
m08_s01_e08_positions_inc.txt 0
m09_s01_e10_positions_inc.txt 0
m01_s08_e03_positions_inc.txt 0
m04_s01_e07_positions_inc.txt 0
m01_s02_e04_positions_inc.txt 0
m07_s02_e09_positions_inc.txt 0
m03_s09_e03_positions_inc.txt 0
m03_s04_e08_positions_inc.txt 0
m07_s04_e05_positions_inc.txt 0
m04_s06_e10_positions_inc.txt 0
m08_s08_e09_positions_inc.txt 0
m02_s09_e06_positions_inc.txt 0
m07_s07_e08_positions_inc.txt 0
m01_s03_e04_positions_inc.txt 0
m04_s03_e05_positions_inc.txt 0
m05_s01_e01_positions_inc.txt 0
m06_s01_e01_positions_inc.txt 0
m04_s05_e05_positions_inc.txt 0
m04_s04_e03_positions_inc.txt 0
m08_s07_e07_positions_inc.txt 0
m10_s06_e05_positions_inc.txt 0
m03_s10_e10_positions_inc.txt 0
m10_s10_e08_positions_inc.txt 0
m08_s04_e06_positions_inc.txt 0
m06_s01_e02_positions_inc.txt 0
m08_s06_e08_positions_inc.txt 0
m08_s04_e07_positions_inc.txt 0
m09_s10_e07_positions_inc.txt 0
m06_s04_e09_positions_inc.txt 0
m03_s08_e05_positions_inc.txt 0
m01_s10_e03_positions_inc.txt 0
m07_s03_e03_positions_inc.txt 0
m05_s05_e05_positions_inc.txt 0
m04_s09_e02_positions_inc.txt 0
m01_s03_e08_positions_inc.txt 0
m02_s06_e08_positions_inc.txt 0
m02_s08_e08_positions_inc.txt 0
m01_s08_e01_positions_inc.txt 0
m06_s03_e02_positions_inc.txt 0
m06_s03_e06_positions_inc.txt 0
m07_s02_e04_positions_inc.txt 0
m01_s01_e04_positions_inc.txt 0
m05_s10_e03_positions_inc.txt 0
m10_s06_e01_positions_inc.txt 0
m10_s01_e01_positions_inc.txt 0
m07_s04_e01_positions_inc.txt 0
m01_s08_e06_positions_inc.txt 0
m03_s08_e03_positions_inc.txt 0
m06_s07_e04_positions_inc.txt 0
m01_s03_e02_positions_inc.txt 0
m09_s04_e01_positions_inc.txt 0
m04_s10_e01_positions_inc.txt 0
m03_s06_e06_positions_inc.txt 0
m09_s07_e09_positions_inc.txt 0
m03_s07_e01_positions_inc.txt 0
m03_s01_e03_positions_inc.txt 0
m05_s03_e09_positions_inc.txt 0
m07_s06_e06_positions_inc.txt 0
m07_s09_e10_positions_inc.txt 0
m08_s05_e01_positions_inc.txt 0
m05_s04_e03_positions_inc.txt 0
m02_s07_e04_positions_inc.txt 0
m08_s02_e03_positions_inc.txt 0
m06_s09_e03_positions_inc.txt 0
m05_s07_e05_positions_inc.txt 0
m04_s07_e05_positions_inc.txt 0
m03_s03_e03_positions_inc.txt 0
m10_s07_e03_positions_inc.txt 0
m05_s03_e10_positions_inc.txt 0
m06_s07_e03_positions_inc.txt 0
m10_s09_e01_positions_inc.txt 0
m06_s04_e02_positions_inc.txt 0
m05_s08_e04_positions_inc.txt 0
m02_s07_e08_positions_inc.txt 0
m10_s07_e09_positions_inc.txt 0
m01_s05_e05_positions_inc.txt 0
m06_s09_e02_positions_inc.txt 0
m06_s01_e09_positions_inc.txt 0
m08_s04_e08_positions_inc.txt 0
m05_s09_e10_positions_inc.txt 0
m08_s03_e08_positions_inc.txt 0
m05_s09_e07_positions_inc.txt 0
m04_s10_e07_positions_inc.txt 0
m07_s05_e06_positions_inc.txt 0
m09_s01_e03_positions_inc.txt 0
m02_s04_e02_positions_inc.txt 0
m09_s10_e01_positions_inc.txt 0
m07_s01_e09_positions_inc.txt 0
m09_s06_e08_positions_inc.txt 0
m06_s04_e03_positions_inc.txt 0
m05_s05_e01_positions_inc.txt 0
m08_s10_e03_positions_inc.txt 0
m06_s02_e07_positions_inc.txt 0
m05_s02_e01_positions_inc.txt 0
m08_s04_e09_positions_inc.txt 0
m03_s02_e08_positions_inc.txt 0
m04_s09_e10_positions_inc.txt 0
m02_s01_e03_positions_inc.txt 0
m04_s08_e09_positions_inc.txt 0
m05_s02_e09_positions_inc.txt 0
m05_s06_e10_positions_inc.txt 0
m04_s04_e06_positions_inc.txt 0
m04_s06_e05_positions_inc.txt 0
m03_s09_e07_positions_inc.txt 0
m10_s03_e08_positions_inc.txt 0
m08_s10_e04_positions_inc.txt 0
m07_s03_e02_positions_inc.txt 0
m05_s04_e06_positions_inc.txt 0
m03_s05_e07_positions_inc.txt 0
m04_s06_e07_positions_inc.txt 0
m09_s10_e02_positions_inc.txt 0
m01_s03_e01_positions_inc.txt 0
m02_s04_e05_positions_inc.txt 0
m05_s08_e10_positions_inc.txt 0
m07_s10_e08_positions_inc.txt 0
m06_s04_e05_positions_inc.txt 0
m10_s04_e08_positions_inc.txt 0
m04_s05_e02_positions_inc.txt 0
m03_s02_e03_positions_inc.txt 0
m02_s05_e10_positions_inc.txt 0
m01_s09_e01_positions_inc.txt 0
m01_s10_e04_positions_inc.txt 0
m05_s03_e03_positions_inc.txt 0
m01_s10_e07_positions_inc.txt 0
m10_s08_e01_positions_inc.txt 0
m04_s03_e08_positions_inc.txt 0
m02_s03_e06_positions_inc.txt 0
m05_s07_e03_positions_inc.txt 0
m06_s03_e01_positions_inc.txt 0
m09_s02_e09_positions_inc.txt 0
m08_s05_e02_positions_inc.txt 0
m09_s05_e03_positions_inc.txt 0
m01_s02_e03_positions_inc.txt 0
m08_s10_e06_positions_inc.txt 0
m10_s02_e02_positions_inc.txt 0
m02_s03_e09_positions_inc.txt 0
m07_s06_e03_positions_inc.txt 0
m08_s03_e03_positions_inc.txt 0
m04_s06_e02_positions_inc.txt 0
m08_s09_e10_positions_inc.txt 0
m10_s05_e07_positions_inc.txt 0
m03_s04_e06_positions_inc.txt 0
m05_s01_e10_positions_inc.txt 0
m09_s10_e04_positions_inc.txt 0
m01_s06_e02_positions_inc.txt 0
m06_s09_e01_positions_inc.txt 0
m04_s09_e09_positions_inc.txt 0
m04_s03_e10_positions_inc.txt 0
m04_s07_e03_positions_inc.txt 0
m06_s06_e01_positions_inc.txt 0
m07_s04_e07_positions_inc.txt 0
m10_s02_e03_positions_inc.txt 0
m08_s03_e04_positions_inc.txt 0
m03_s09_e06_positions_inc.txt 0
m10_s03_e07_positions_inc.txt 0
m09_s01_e09_positions_inc.txt 0
m09_s01_e07_positions_inc.txt 0
m01_s05_e07_positions_inc.txt 0
m04_s03_e06_positions_inc.txt 0
m01_s10_e05_positions_inc.txt 0
m02_s10_e06_positions_inc.txt 0
m07_s10_e04_positions_inc.txt 0
m05_s04_e02_positions_inc.txt 0
m09_s06_e02_positions_inc.txt 0
m04_s01_e04_positions_inc.txt 0
m09_s03_e09_positions_inc.txt 0
m02_s07_e01_positions_inc.txt 0
m09_s05_e07_positions_inc.txt 0
m02_s04_e04_positions_inc.txt 0
m10_s09_e02_positions_inc.txt 0
m08_s08_e06_positions_inc.txt 0
m03_s02_e05_positions_inc.txt 0
m08_s08_e01_positions_inc.txt 0
m10_s04_e01_positions_inc.txt 0
m08_s04_e02_positions_inc.txt 0
m05_s10_e01_positions_inc.txt 0
m09_s03_e07_positions_inc.txt 0
m07_s08_e02_positions_inc.txt 0
m05_s04_e10_positions_inc.txt 0
m02_s01_e09_positions_inc.txt 0
m05_s02_e08_positions_inc.txt 0
m07_s09_e04_positions_inc.txt 0
m07_s07_e04_positions_inc.txt 0
m03_s04_e07_positions_inc.txt 0
m04_s04_e08_positions_inc.txt 0
m09_s06_e03_positions_inc.txt 0
m05_s04_e05_positions_inc.txt 0
m09_s06_e05_positions_inc.txt 0
m06_s10_e06_positions_inc.txt 0
m02_s08_e03_positions_inc.txt 0
m06_s04_e01_positions_inc.txt 0
m08_s01_e09_positions_inc.txt 0
m01_s03_e07_positions_inc.txt 0
m07_s01_e06_positions_inc.txt 0
m09_s07_e06_positions_inc.txt 0
m07_s06_e04_positions_inc.txt 0
m09_s07_e08_positions_inc.txt 0
m08_s03_e01_positions_inc.txt 0
m04_s01_e01_positions_inc.txt 0
m01_s04_e03_positions_inc.txt 0
m09_s09_e02_positions_inc.txt 0
m08_s05_e08_positions_inc.txt 0
m09_s09_e09_positions_inc.txt 0
m08_s05_e04_positions_inc.txt 0
m04_s09_e07_positions_inc.txt 0
m04_s06_e01_positions_inc.txt 0
m10_s09_e04_positions_inc.txt 0
m08_s05_e09_positions_inc.txt 0
m09_s06_e07_positions_inc.txt 0
m01_s02_e08_positions_inc.txt 0
m10_s07_e07_positions_inc.txt 0
m05_s01_e02_positions_inc.txt 0
m04_s03_e01_positions_inc.txt 0
m01_s04_e09_positions_inc.txt 0
m09_s09_e06_positions_inc.txt 0
m10_s01_e06_positions_inc.txt 0
m07_s08_e04_positions_inc.txt 0
m07_s02_e01_positions_inc.txt 0
m09_s01_e06_positions_inc.txt 0
m09_s01_e05_positions_inc.txt 0
m05_s07_e08_positions_inc.txt 0
m10_s02_e07_positions_inc.txt 0
m03_s03_e07_positions_inc.txt 0
m04_s08_e10_positions_inc.txt 0
m01_s06_e10_positions_inc.txt 0
m08_s04_e10_positions_inc.txt 0
m04_s08_e05_positions_inc.txt 0
m04_s02_e10_positions_inc.txt 0
m01_s04_e01_positions_inc.txt 0
m06_s03_e05_positions_inc.txt 0
m07_s05_e02_positions_inc.txt 0
m03_s06_e07_positions_inc.txt 0
m07_s02_e06_positions_inc.txt 0
m10_s10_e03_positions_inc.txt 0
m04_s08_e06_positions_inc.txt 0
m07_s07_e01_positions_inc.txt 0
m09_s04_e02_positions_inc.txt 0
m02_s09_e07_positions_inc.txt 0
m04_s02_e08_positions_inc.txt 0
m10_s01_e04_positions_inc.txt 0
m02_s09_e08_positions_inc.txt 0
m03_s07_e03_positions_inc.txt 0
m09_s10_e10_positions_inc.txt 0
m01_s07_e04_positions_inc.txt 0
m06_s08_e08_positions_inc.txt 0
m04_s06_e06_positions_inc.txt 0
m04_s10_e02_positions_inc.txt 0
m08_s01_e02_positions_inc.txt 0
m02_s09_e01_positions_inc.txt 0
m03_s05_e03_positions_inc.txt 0
m06_s04_e07_positions_inc.txt 0
m01_s03_e05_positions_inc.txt 0
m09_s05_e02_positions_inc.txt 0
m03_s07_e09_positions_inc.txt 0
m06_s09_e10_positions_inc.txt 0
m05_s06_e08_positions_inc.txt 0
m07_s05_e10_positions_inc.txt 0
m02_s03_e03_positions_inc.txt 0
m02_s04_e07_positions_inc.txt 0
m10_s07_e10_positions_inc.txt 0
m02_s10_e09_positions_inc.txt 0
m10_s08_e08_positions_inc.txt 0
m02_s08_e05_positions_inc.txt 0
m03_s03_e02_positions_inc.txt 0
m08_s09_e05_positions_inc.txt 0
m08_s06_e02_positions_inc.txt 0
m07_s03_e08_positions_inc.txt 0
m07_s02_e05_positions_inc.txt 0
m06_s02_e10_positions_inc.txt 0
m04_s07_e10_positions_inc.txt 0
m01_s01_e09_positions_inc.txt 0
m10_s04_e02_positions_inc.txt 0
m10_s04_e07_positions_inc.txt 0
m07_s03_e01_positions_inc.txt 0
m03_s01_e01_positions_inc.txt 0
m07_s10_e07_positions_inc.txt 0
m08_s05_e05_positions_inc.txt 0
m08_s09_e02_positions_inc.txt 0
m07_s08_e05_positions_inc.txt 0
m07_s01_e05_positions_inc.txt 0
m01_s05_e02_positions_inc.txt 0
m05_s09_e08_positions_inc.txt 0
m09_s06_e09_positions_inc.txt 0
m04_s05_e03_positions_inc.txt 0
m03_s05_e01_positions_inc.txt 0
m09_s08_e02_positions_inc.txt 0
m09_s03_e10_positions_inc.txt 0
m02_s05_e04_positions_inc.txt 0
m07_s02_e02_positions_inc.txt 0
m02_s08_e06_positions_inc.txt 0
m07_s07_e09_positions_inc.txt 0
m10_s07_e05_positions_inc.txt 0
m01_s10_e06_positions_inc.txt 0
m01_s08_e07_positions_inc.txt 0
m06_s05_e01_positions_inc.txt 0
m09_s08_e03_positions_inc.txt 0
m02_s06_e07_positions_inc.txt 0
m01_s06_e08_positions_inc.txt 0
m03_s04_e05_positions_inc.txt 0
m01_s06_e09_positions_inc.txt 0
m07_s04_e09_positions_inc.txt 0
m09_s02_e01_positions_inc.txt 0
m10_s05_e02_positions_inc.txt 0
m10_s01_e09_positions_inc.txt 0
m04_s08_e02_positions_inc.txt 0
m01_s07_e02_positions_inc.txt 0
m03_s08_e04_positions_inc.txt 0
m08_s07_e02_positions_inc.txt 0
m01_s08_e02_positions_inc.txt 0
m01_s09_e04_positions_inc.txt 0
m03_s01_e04_positions_inc.txt 0
m06_s03_e08_positions_inc.txt 0
m09_s04_e09_positions_inc.txt 0
m09_s04_e07_positions_inc.txt 0
m07_s03_e05_positions_inc.txt 0
m06_s06_e09_positions_inc.txt 0
m10_s05_e03_positions_inc.txt 0
m08_s04_e04_positions_inc.txt 0
m08_s08_e04_positions_inc.txt 0
m08_s09_e09_positions_inc.txt 0
m04_s10_e10_positions_inc.txt 0
m02_s02_e08_positions_inc.txt 0
m08_s01_e01_positions_inc.txt 0
m04_s01_e03_positions_inc.txt 0
m04_s10_e04_positions_inc.txt 0
m05_s03_e04_positions_inc.txt 0
m06_s10_e05_positions_inc.txt 0
m09_s10_e09_positions_inc.txt 0
m10_s06_e02_positions_inc.txt 0
m01_s08_e04_positions_inc.txt 0
m09_s03_e02_positions_inc.txt 0
m08_s07_e05_positions_inc.txt 0
m04_s05_e10_positions_inc.txt 0
m01_s01_e06_positions_inc.txt 0
m03_s02_e10_positions_inc.txt 0
m05_s09_e01_positions_inc.txt 0
m09_s06_e04_positions_inc.txt 0
m07_s01_e10_positions_inc.txt 0
m07_s07_e10_positions_inc.txt 0
m07_s06_e08_positions_inc.txt 0
m07_s07_e07_positions_inc.txt 0
m07_s09_e07_positions_inc.txt 0
m07_s01_e08_positions_inc.txt 0
m03_s01_e09_positions_inc.txt 0
m07_s08_e06_positions_inc.txt 0
m06_s02_e03_positions_inc.txt 0
m07_s06_e05_positions_inc.txt 0
m03_s06_e08_positions_inc.txt 0
m08_s05_e06_positions_inc.txt 0
m01_s05_e01_positions_inc.txt 0
m03_s02_e01_positions_inc.txt 0
m06_s05_e06_positions_inc.txt 0
m10_s07_e04_positions_inc.txt 0
m10_s02_e06_positions_inc.txt 0
m08_s07_e08_positions_inc.txt 0
m05_s10_e07_positions_inc.txt 0
m06_s09_e09_positions_inc.txt 0
m06_s01_e10_positions_inc.txt 0
m01_s02_e02_positions_inc.txt 0
m03_s04_e09_positions_inc.txt 0
m10_s05_e05_positions_inc.txt 0
m04_s02_e04_positions_inc.txt 0
m07_s07_e03_positions_inc.txt 0
m09_s07_e01_positions_inc.txt 0
m01_s09_e02_positions_inc.txt 0
m06_s04_e10_positions_inc.txt 0
m07_s01_e02_positions_inc.txt 0
m07_s04_e02_positions_inc.txt 0
m08_s08_e07_positions_inc.txt 0
m02_s07_e02_positions_inc.txt 0
m04_s09_e01_positions_inc.txt 0
m02_s10_e07_positions_inc.txt 0
m06_s02_e05_positions_inc.txt 0
m09_s05_e08_positions_inc.txt 0
m10_s09_e09_positions_inc.txt 0
m09_s08_e04_positions_inc.txt 0
m08_s02_e01_positions_inc.txt 0
m01_s09_e07_positions_inc.txt 0
m10_s09_e08_positions_inc.txt 0
m05_s02_e05_positions_inc.txt 0
m04_s08_e01_positions_inc.txt 0
m09_s04_e10_positions_inc.txt 0
m02_s09_e10_positions_inc.txt 0
m01_s07_e07_positions_inc.txt 0
m06_s08_e07_positions_inc.txt 0
m01_s10_e09_positions_inc.txt 0
m02_s07_e10_positions_inc.txt 0
m02_s05_e09_positions_inc.txt 0
m06_s06_e04_positions_inc.txt 0
m07_s02_e03_positions_inc.txt 0
m03_s07_e06_positions_inc.txt 0
m03_s09_e08_positions_inc.txt 0
m09_s08_e07_positions_inc.txt 0
m10_s03_e05_positions_inc.txt 0
m02_s05_e06_positions_inc.txt 0
m07_s10_e06_positions_inc.txt 0
m09_s07_e10_positions_inc.txt 0
m10_s04_e06_positions_inc.txt 0
m10_s04_e10_positions_inc.txt 0
m04_s10_e05_positions_inc.txt 0
m05_s02_e10_positions_inc.txt 0
m04_s09_e05_positions_inc.txt 0
m10_s07_e08_positions_inc.txt 0
m04_s06_e09_positions_inc.txt 0
m07_s05_e03_positions_inc.txt 0
m09_s07_e03_positions_inc.txt 0
m10_s10_e06_positions_inc.txt 0
m06_s09_e04_positions_inc.txt 0
m02_s03_e01_positions_inc.txt 0
m03_s05_e06_positions_inc.txt 0
m01_s05_e10_positions_inc.txt 0
m04_s05_e09_positions_inc.txt 0
m02_s07_e07_positions_inc.txt 0
m10_s09_e10_positions_inc.txt 0
m06_s01_e06_positions_inc.txt 0
m10_s01_e05_positions_inc.txt 0
m07_s03_e10_positions_inc.txt 0
m09_s05_e10_positions_inc.txt 0
m10_s10_e09_positions_inc.txt 0
m03_s10_e02_positions_inc.txt 0
m05_s06_e06_positions_inc.txt 0
m02_s07_e03_positions_inc.txt 0
m07_s05_e01_positions_inc.txt 0
m07_s03_e04_positions_inc.txt 0
m06_s01_e05_positions_inc.txt 0
m06_s01_e07_positions_inc.txt 0
m07_s04_e04_positions_inc.txt 0
m08_s09_e01_positions_inc.txt 0
m03_s01_e05_positions_inc.txt 0
m06_s05_e03_positions_inc.txt 0
m08_s04_e01_positions_inc.txt 0
m06_s09_e05_positions_inc.txt 0
m10_s06_e03_positions_inc.txt 0
m03_s09_e05_positions_inc.txt 0
m01_s04_e05_positions_inc.txt 0
m06_s02_e09_positions_inc.txt 0
m07_s02_e07_positions_inc.txt 0
m10_s06_e08_positions_inc.txt 0
m04_s04_e01_positions_inc.txt 0
m02_s01_e07_positions_inc.txt 0
m06_s07_e09_positions_inc.txt 0
m02_s07_e06_positions_inc.txt 0
m05_s05_e04_positions_inc.txt 0
m06_s03_e09_positions_inc.txt 0
m08_s07_e10_positions_inc.txt 0
m05_s02_e02_positions_inc.txt 0
m05_s09_e04_positions_inc.txt 0
m07_s05_e08_positions_inc.txt 0
m04_s01_e09_positions_inc.txt 0
m01_s04_e08_positions_inc.txt 0
m01_s01_e02_positions_inc.txt 0
m09_s09_e10_positions_inc.txt 0
m05_s01_e05_positions_inc.txt 0
m05_s01_e03_positions_inc.txt 0
m09_s08_e05_positions_inc.txt 0
m06_s06_e02_positions_inc.txt 0
m10_s07_e06_positions_inc.txt 0
m08_s01_e06_positions_inc.txt 0
m09_s10_e03_positions_inc.txt 0
m07_s04_e06_positions_inc.txt 0
m09_s04_e08_positions_inc.txt 0
m07_s06_e10_positions_inc.txt 0
m01_s05_e06_positions_inc.txt 0
m02_s06_e10_positions_inc.txt 0
m04_s07_e06_positions_inc.txt 0
m08_s06_e07_positions_inc.txt 0
m03_s05_e05_positions_inc.txt 0
m03_s09_e09_positions_inc.txt 0
m05_s08_e05_positions_inc.txt 0
m08_s09_e03_positions_inc.txt 0
m07_s10_e10_positions_inc.txt 0
m07_s02_e10_positions_inc.txt 0
m04_s04_e10_positions_inc.txt 0
m02_s06_e01_positions_inc.txt 0
m09_s01_e02_positions_inc.txt 0
m08_s07_e01_positions_inc.txt 0
m09_s01_e04_positions_inc.txt 0
m05_s04_e08_positions_inc.txt 0
m04_s05_e06_positions_inc.txt 0
m06_s10_e08_positions_inc.txt 0
m06_s04_e08_positions_inc.txt 0
m05_s09_e02_positions_inc.txt 0
m07_s09_e08_positions_inc.txt 0
m08_s07_e04_positions_inc.txt 0
m03_s05_e08_positions_inc.txt 0
m02_s01_e02_positions_inc.txt 0
m03_s04_e04_positions_inc.txt 0
m03_s03_e10_positions_inc.txt 0
m02_s10_e04_positions_inc.txt 0
m04_s08_e07_positions_inc.txt 0
m04_s02_e01_positions_inc.txt 0
m08_s07_e03_positions_inc.txt 0
m03_s07_e07_positions_inc.txt 0
m07_s10_e01_positions_inc.txt 0
m08_s02_e10_positions_inc.txt 0
m08_s01_e03_positions_inc.txt 0
m04_s09_e04_positions_inc.txt 0
m06_s02_e08_positions_inc.txt 0
m08_s05_e07_positions_inc.txt 0
m06_s09_e06_positions_inc.txt 0
m03_s01_e10_positions_inc.txt 0
m10_s05_e09_positions_inc.txt 0
m05_s10_e04_positions_inc.txt 0
m01_s08_e10_positions_inc.txt 0
m06_s10_e02_positions_inc.txt 0
m06_s05_e10_positions_inc.txt 0
m06_s06_e07_positions_inc.txt 0
m04_s10_e03_positions_inc.txt 0
m09_s09_e04_positions_inc.txt 0
m08_s10_e09_positions_inc.txt 0
m08_s02_e08_positions_inc.txt 0
m10_s02_e01_positions_inc.txt 0
m05_s04_e09_positions_inc.txt 0
m01_s10_e08_positions_inc.txt 0
m08_s02_e07_positions_inc.txt 0
m08_s05_e03_positions_inc.txt 0
m07_s03_e07_positions_inc.txt 0
m01_s07_e09_positions_inc.txt 0
m02_s10_e10_positions_inc.txt 0
m06_s08_e09_positions_inc.txt 0
m05_s08_e06_positions_inc.txt 0
m10_s08_e07_positions_inc.txt 0
m08_s06_e05_positions_inc.txt 0
m09_s07_e05_positions_inc.txt 0
m03_s09_e01_positions_inc.txt 0
m01_s05_e08_positions_inc.txt 0
m07_s10_e03_positions_inc.txt 0
m05_s10_e08_positions_inc.txt 0
m08_s02_e05_positions_inc.txt 0
m05_s09_e05_positions_inc.txt 0
m05_s06_e01_positions_inc.txt 0
m08_s02_e04_positions_inc.txt 0
m05_s05_e06_positions_inc.txt 0
m10_s06_e04_positions_inc.txt 0
m10_s10_e10_positions_inc.txt 0
m03_s03_e01_positions_inc.txt 0
m01_s09_e05_positions_inc.txt 0
m05_s05_e07_positions_inc.txt 0
m04_s09_e06_positions_inc.txt 0
m09_s05_e01_positions_inc.txt 0
m03_s06_e10_positions_inc.txt 0
m01_s01_e05_positions_inc.txt 0
m03_s02_e07_positions_inc.txt 0
m05_s09_e09_positions_inc.txt 0
m08_s06_e04_positions_inc.txt 0
m07_s07_e02_positions_inc.txt 0
m03_s10_e05_positions_inc.txt 0
m06_s02_e04_positions_inc.txt 0
m04_s02_e02_positions_inc.txt 0
m01_s01_e10_positions_inc.txt 0
m03_s02_e06_positions_inc.txt 0
m07_s08_e08_positions_inc.txt 0
m05_s04_e07_positions_inc.txt 0
m05_s07_e06_positions_inc.txt 0
m07_s09_e02_positions_inc.txt 0
m04_s03_e04_positions_inc.txt 0
m01_s02_e10_positions_inc.txt 0
m09_s05_e04_positions_inc.txt 0
m06_s05_e02_positions_inc.txt 0
m08_s03_e06_positions_inc.txt 0
m03_s10_e04_positions_inc.txt 0
m02_s06_e06_positions_inc.txt 0
m05_s08_e02_positions_inc.txt 0
m10_s05_e08_positions_inc.txt 0
m06_s03_e07_positions_inc.txt 0
m02_s08_e02_positions_inc.txt 0
m07_s08_e10_positions_inc.txt 0
m03_s04_e02_positions_inc.txt 0
m04_s04_e07_positions_inc.txt 0
m05_s05_e09_positions_inc.txt 0
m09_s03_e08_positions_inc.txt 0
m03_s04_e03_positions_inc.txt 0
m06_s01_e03_positions_inc.txt 0
m02_s10_e05_positions_inc.txt 0
m09_s03_e01_positions_inc.txt 0
m02_s04_e06_positions_inc.txt 0
m08_s02_e09_positions_inc.txt 0
m07_s06_e07_positions_inc.txt 0
m06_s05_e09_positions_inc.txt 0
m05_s01_e04_positions_inc.txt 0
m03_s01_e06_positions_inc.txt 0
m03_s03_e05_positions_inc.txt 0
m07_s10_e05_positions_inc.txt 0
m02_s04_e09_positions_inc.txt 0
m03_s08_e07_positions_inc.txt 0
m10_s07_e02_positions_inc.txt 0
m03_s08_e06_positions_inc.txt 0
m06_s07_e08_positions_inc.txt 0
m06_s08_e10_positions_inc.txt 0
m06_s06_e08_positions_inc.txt 0
m10_s02_e04_positions_inc.txt 0
m07_s06_e01_positions_inc.txt 0
m02_s06_e02_positions_inc.txt 0
m03_s10_e08_positions_inc.txt 0
m03_s07_e05_positions_inc.txt 0
m05_s08_e03_positions_inc.txt 0
m02_s01_e10_positions_inc.txt 0
m01_s06_e04_positions_inc.txt 0
m03_s08_e02_positions_inc.txt 0
m04_s09_e08_positions_inc.txt 0
m02_s05_e07_positions_inc.txt 0
m06_s08_e01_positions_inc.txt 0
m03_s03_e09_positions_inc.txt 0
m05_s01_e08_positions_inc.txt 0
m03_s01_e08_positions_inc.txt 0
m05_s09_e03_positions_inc.txt 0
m04_s08_e04_positions_inc.txt 0
m08_s03_e09_positions_inc.txt 0
m07_s03_e09_positions_inc.txt 0
m07_s09_e05_positions_inc.txt 0
m03_s04_e10_positions_inc.txt 0
m10_s06_e07_positions_inc.txt 0
m08_s08_e08_positions_inc.txt 0
m03_s09_e04_positions_inc.txt 0
m09_s08_e10_positions_inc.txt 0
m03_s07_e10_positions_inc.txt 0
m04_s05_e08_positions_inc.txt 0
m09_s07_e04_positions_inc.txt 0
m03_s09_e10_positions_inc.txt 0
m08_s06_e01_positions_inc.txt 0
m08_s04_e05_positions_inc.txt 0
m05_s10_e06_positions_inc.txt 0
m01_s03_e06_positions_inc.txt 0
m05_s06_e09_positions_inc.txt 0
m05_s07_e07_positions_inc.txt 0
m04_s03_e07_positions_inc.txt 0
m07_s01_e01_positions_inc.txt 0
m04_s02_e07_positions_inc.txt 0
m06_s08_e06_positions_inc.txt 0
m09_s10_e05_positions_inc.txt 0
m09_s03_e03_positions_inc.txt 0
m02_s02_e02_positions_inc.txt 0
m04_s02_e06_positions_inc.txt 0
m10_s03_e09_positions_inc.txt 0
m06_s08_e04_positions_inc.txt 0
m09_s04_e03_positions_inc.txt 0
m09_s06_e06_positions_inc.txt 0
m04_s05_e04_positions_inc.txt 0
m05_s01_e06_positions_inc.txt 0
m08_s06_e09_positions_inc.txt 0
m06_s03_e10_positions_inc.txt 0
m07_s10_e02_positions_inc.txt 0
m06_s01_e04_positions_inc.txt 0
m04_s08_e08_positions_inc.txt 0
m08_s06_e10_positions_inc.txt 0
m07_s01_e03_positions_inc.txt 0
m07_s03_e06_positions_inc.txt 0
m01_s04_e10_positions_inc.txt 0
m05_s01_e09_positions_inc.txt 0
m07_s05_e04_positions_inc.txt 0
m09_s03_e06_positions_inc.txt 0
m03_s07_e02_positions_inc.txt 0
m01_s08_e08_positions_inc.txt 0
m01_s10_e10_positions_inc.txt 0
m02_s04_e03_positions_inc.txt 0
m08_s08_e03_positions_inc.txt 0
m10_s02_e10_positions_inc.txt 0
m03_s05_e10_positions_inc.txt 0
m02_s01_e05_positions_inc.txt 0
m01_s02_e06_positions_inc.txt 0
m07_s08_e09_positions_inc.txt 0
m10_s06_e10_positions_inc.txt 0
m05_s04_e01_positions_inc.txt 0
m05_s06_e05_positions_inc.txt 0
m08_s03_e02_positions_inc.txt 0
m01_s10_e02_positions_inc.txt 0
m04_s04_e02_positions_inc.txt 0
m10_s08_e02_positions_inc.txt 0
m09_s06_e10_positions_inc.txt 0
m03_s08_e08_positions_inc.txt 0
m03_s08_e10_positions_inc.txt 0
m09_s04_e06_positions_inc.txt 0
m05_s07_e02_positions_inc.txt 0
m02_s01_e01_positions_inc.txt 0
m07_s05_e09_positions_inc.txt 0
m01_s08_e05_positions_inc.txt 0
m04_s07_e07_positions_inc.txt 0
m09_s04_e04_positions_inc.txt 0
m09_s05_e06_positions_inc.txt 0
m09_s02_e08_positions_inc.txt 0
m09_s02_e04_positions_inc.txt 0
m04_s05_e07_positions_inc.txt 0
m04_s07_e08_positions_inc.txt 0
m10_s03_e06_positions_inc.txt 0
m02_s10_e01_positions_inc.txt 0
m10_s04_e04_positions_inc.txt 0
m02_s03_e05_positions_inc.txt 0
m01_s01_e07_positions_inc.txt 0
m08_s01_e10_positions_inc.txt 0
m10_s06_e09_positions_inc.txt 0
m08_s01_e05_positions_inc.txt 0
m02_s10_e08_positions_inc.txt 0
m03_s10_e06_positions_inc.txt 0
m01_s04_e07_positions_inc.txt 0
m02_s02_e05_positions_inc.txt 0
m06_s04_e06_positions_inc.txt 0
m01_s02_e09_positions_inc.txt 0
m09_s02_e10_positions_inc.txt 0
m03_s03_e08_positions_inc.txt 0
m10_s09_e06_positions_inc.txt 0
m10_s03_e04_positions_inc.txt 0
m03_s08_e09_positions_inc.txt 0
m06_s07_e07_positions_inc.txt 0
m05_s05_e10_positions_inc.txt 0
m01_s06_e05_positions_inc.txt 0
m09_s09_e01_positions_inc.txt 0
m02_s02_e01_positions_inc.txt 0
m03_s06_e05_positions_inc.txt 0
m08_s01_e07_positions_inc.txt 0
m05_s03_e07_positions_inc.txt 0
m06_s10_e09_positions_inc.txt 0
m03_s08_e01_positions_inc.txt 0
m05_s08_e01_positions_inc.txt 0
m01_s07_e03_positions_inc.txt 0
m04_s01_e02_positions_inc.txt 0
m08_s08_e05_positions_inc.txt 0
m10_s01_e10_positions_inc.txt 0
m06_s06_e03_positions_inc.txt 0
m01_s04_e02_positions_inc.txt 0
m09_s07_e07_positions_inc.txt 0
m06_s07_e10_positions_inc.txt 0
